<?xml version="1.0" encoding="UTF-8"?>
<!-- Generated by org.testng.reporters.JUnitXMLReporter -->
<testsuite hostname="LAPTOP-7N50JD64" name="Default test" tests="5" failures="0" timestamp="11 Sep 2021 12:53:09 GMT" time="1.564" errors="0">
  <testcase name="test1" time="0.03" classname="com.excel.ExcelReadUtil"/>
  <testcase name="test1" time="0.01" classname="com.excel.ExcelReadUtil"/>
  <testcase name="test1" time="0.0" classname="com.excel.ExcelReadUtil"/>
  <testcase name="test1" time="0.0" classname="com.excel.ExcelReadUtil"/>
  <testcase name="test1" time="0.016" classname="com.excel.ExcelReadUtil"/>
</testsuite> <!-- Default test -->
