<?xml version="1.0" encoding="UTF-8"?>
<!-- Generated by org.testng.reporters.JUnitXMLReporter -->
<testsuite hostname="LAPTOP-7N50JD64" name="Test1" tests="4" failures="0" timestamp="5 Sep 2021 13:29:57 GMT" time="0.024" errors="0">
  <testcase name="m2" time="0.002" classname="com.test1.Test2"/>
  <testcase name="m1" time="0.001" classname="com.test1.Test1"/>
  <testcase name="m3" time="0.001" classname="com.test1.Test3"/>
  <testcase name="m4" time="0.001" classname="com.test1.Test4"/>
</testsuite> <!-- Test1 -->
